make all --print-data-base --no-builtin-variables --no-builtin-rules --question
# GNU Make 4.3
# Built for x86_64-pc-linux-gnu
# Copyright (C) 1988-2020 Free Software Foundation, Inc.
# License GPLv3+: GNU GPL version 3 or later <http://gnu.org/licenses/gpl.html>
# This is free software: you are free to change and redistribute it.
# There is NO WARRANTY, to the extent permitted by law.

# Make data base, printed on Thu Mar  3 11:07:03 2022

# Variables

 
# environment
JAVA_HOME = /etc/java-config-2/current-system-vm
# environment
GDK_BACKEND = x11
# environment
LC_ALL = C
# environment
NO_AT_BRIDGE = 1
# environment
VSCODE_IPC_HOOK_EXTHOST = /run/user/1000/vscode-ipc-03d35b44-f21f-48b3-a148-518c8a04b501.sock
# makefile (from 'Makefile', line 1)
SRC_DIR = src/
# environment
VSCODE_CWD = /home/pherel
# environment
WINDOWPATH = 1
# environment
GCC_SPECS = 
# default
MAKE_COMMAND := make
# environment
LADSPA_PATH = /usr/lib64/ladspa
# automatic
@D = $(patsubst %/,%,$(dir $@))
# makefile (from 'Makefile', line 2)
OBJ_DIR = bin/
# environment
VSCODE_HANDLES_UNCAUGHT_ERRORS = true
# default
.VARIABLES := 
# environment
PWD = /home/pherel/Tools/Projects/touhou-bunker
# automatic
%D = $(patsubst %/,%,$(dir $%))
# environment
MAIL = /var/mail/pherel
# environment
XDG_DATA_DIRS = /usr/local/share:/usr/share
# automatic
^D = $(patsubst %/,%,$(dir $^))
# environment
VSCODE_LOG_STACK = false
# automatic
%F = $(notdir $%)
# environment
VSCODE_CODE_CACHE_PATH = /home/pherel/.config/VSCodium/CachedData/f80445acd5a3dadef24aa209168452a3d97cc326
# environment
LANG = C
# environment
XAUTHORITY = /home/pherel/.Xauthority
# environment
SDL_VIDEO_FULLSCREEN_head = 1
# default
.LOADED := 
# default
.INCLUDE_DIRS = /usr/include /usr/include
# makefile
MAKEFLAGS = pqrR
# makefile
CURDIR := /home/pherel/Tools/Projects/touhou-bunker
# makefile (from 'Makefile', line 3)
INC_DIR = include/
# environment
VSCODE_PIPE_LOGGING = true
# environment
APPLICATION_INSIGHTS_NO_DIAGNOSTIC_CHANNEL = true
# environment
LESSOPEN = |lesspipe %s
# makefile (from 'Makefile', line 7)
SRCS = main.c init.c
# automatic
*D = $(patsubst %/,%,$(dir $*))
# environment
MFLAGS = -pqrR
# default
.SHELLFLAGS := -c
# environment
XDG_CONFIG_DIRS = /etc/xdg
# automatic
+D = $(patsubst %/,%,$(dir $+))
# environment
VSCODE_CRASH_REPORTER_START_OPTIONS = {"companyName":"Microsoft","productName":"VSCodium","submitURL":"","uploadToServer":false}
# makefile (from 'Makefile', line 1)
MAKEFILE_LIST := Makefile
# environment
LV2_PATH = /usr/lib64/lv2
# automatic
@F = $(notdir $@)
# environment
VSCODE_VERBOSE_LOGGING = true
# environment
VSCODE_PID = 24020
# environment
XDG_SESSION_TYPE = tty
# automatic
?D = $(patsubst %/,%,$(dir $?))
# environment
MANPAGER = manpager
# automatic
*F = $(notdir $*)
# environment
MANPATH = /etc/java-config-2/current-system-vm/man:/usr/share/gcc-data/x86_64-pc-linux-gnu/11.2.0/man:/usr/share/binutils-data/x86_64-pc-linux-gnu/2.37_p1/man:/etc/java-config-2/current-system-vm/man/:/usr/local/share/man:/usr/share/man:/usr/lib/rust/man:/usr/lib/llvm/13/share/man:/usr/lib/llvm/12/share/man:/opt/plan9/man
# environment
QT_QPA_PLATFORMTHEME = qt5ct
# environment
CHROME_DESKTOP = codium-url-handler.desktop
# environment
DBUS_SESSION_BUS_ADDRESS = unix:abstract=/tmp/dbus-wVLEOJWwXz,guid=915019220cf520eef4dc001162207960
# automatic
<D = $(patsubst %/,%,$(dir $<))
# environment
VSCODE_NLS_CONFIG = {"locale":"en-us","availableLanguages":{},"_languagePackSupport":true}
# environment
PLAN9 = /opt/plan9
# environment
BREAKPAD_DUMP_LOCATION = /home/pherel/.config/VSCodium/exthost Crash Reports
# default
MAKE_HOST := x86_64-pc-linux-gnu
# makefile (from 'Makefile', line 8)
OBJS = $(addprefix $(OBJ_DIR), $(SRCS:.c=.o))
# environment
INFOPATH = /usr/share/gcc-data/x86_64-pc-linux-gnu/11.2.0/info:/usr/share/binutils-data/x86_64-pc-linux-gnu/2.37_p1/info:/usr/share/info:/usr/share/info/emacs-27
# makefile
SHELL = /bin/sh
# default
MAKECMDGOALS := all
# environment
XMODIFIERS = @im=fcitx
# environment
SHLVL = 4
# environment
MAKELEVEL := 0
# default
MAKE = $(MAKE_COMMAND)
# environment
PATH = /usr/local/sbin:/usr/local/bin:/usr/sbin:/usr/bin:/sbin:/bin:/opt/bin:/usr/lib/llvm/13/bin:/usr/lib/llvm/12/bin:/opt/plan9/bin
# environment
MOZ_GMP_PATH = /usr/lib64/nsbrowser/plugins/gmp-gmpopenh264/system-installed
# default
MAKEFILES := 
# environment
MOTD_SHOWN = pam
# automatic
^F = $(notdir $^)
# environment
_JAVA_AWT_WM_NONREPARENTING = 1
# environment
VSCODE_LOG_NATIVE = false
# automatic
?F = $(notdir $?)
# makefile (from 'Makefile', line 5)
NAME = touhou-bunker
# environment
GSETTINGS_BACKEND = dconf
# environment
XDG_SEAT = seat0
# environment
GTK_IM_MODULE = fcitx
# environment
JAVAC = /etc/java-config-2/current-system-vm/bin/javac
# automatic
+F = $(notdir $+)
# environment
LESS = -R -M --shift 5
# environment
ORIGINAL_XDG_CURRENT_DESKTOP = undefined
# 'override' directive
GNUMAKEFLAGS := 
# environment
LOGNAME = pherel
# environment
CONFIG_PROTECT_MASK = /etc/sandbox.d /etc/fonts/fonts.conf /etc/gentoo-release /etc/terminfo /etc/dconf /etc/ca-certificates.conf /etc/revdep-rebuild
# environment
CONFIG_PROTECT = /usr/share/gnupg/qualified.txt /usr/lib64/libreoffice/program/sofficerc
# environment
XDG_VTNR = 1
# makefile
.DEFAULT_GOAL := all
# environment
EDITOR = emacs -nw
# environment
DISPLAY = :0
# environment
GTK_MODULES = canberra-gtk-module
# environment
USER = pherel
# default
MAKE_VERSION := 4.3
# environment
HUSHLOGIN = FALSE
# environment
FLTK_DOCDIR = /usr/share/doc/fltk-1.3.5-r4/html
# environment
PAGER = /usr/bin/less
# environment
_ = /usr/bin/make
# environment
XDG_RUNTIME_DIR = /run/user/1000
# makefile (from 'Makefile', line 11)
CFLAGS = -Wall -Wextra -Wpedantic -g -I$(INC_DIR)
# environment
LC_CTYPE = ja_JP.utf-8
# environment
XDG_SESSION_CLASS = user
# environment
VSCODE_AMD_ENTRYPOINT = vs/workbench/services/extensions/node/extensionHostProcess
# environment
HOME = /home/pherel
# environment
QT_IM_MODULE = fcitx
# environment
_JAVA_OPTIONS = -Dawt.useSystemAAFontSettings=gasp
# environment
JDK_HOME = /etc/java-config-2/current-system-vm
# environment
A__z = "*SHLVL
# environment
ELECTRON_RUN_AS_NODE = 1
# environment
ANT_HOME = /usr/share/ant
# environment
VSCODE_IPC_HOOK = /run/user/1000/vscode-41274a57-1.64.2-main.sock
# environment
TERM = rxvt-unicode-256color
# environment
XDG_SESSION_ID = c1
# default
.RECIPEPREFIX := 
# automatic
<F = $(notdir $<)
# default
SUFFIXES := 
# environment
VSCODE_CLI = 1
# environment
ELECTRON_NO_ATTACH_CONSOLE = 1
# default
.FEATURES := target-specific order-only second-expansion else-if shortest-stem undefine oneshell nocomment grouped-target extra-prereqs archives jobserver output-sync check-symlink load
# makefile (from 'Makefile', line 10)
CC = cc
# makefile (from 'Makefile', line 12)
LFLAGS = -lSDL2 -lSDL2_image -lSDL2_mixer -lSDL2_ttf
# environment
DOTNET_ROOT = /opt/dotnet-sdk-bin-5.0
# variable set hash-table stats:
# Load=122/1024=12%, Rehash=0, Collisions=11/165=7%

# Pattern-specific Variable Values

# No pattern-specific variable values.

# Directories

# src (device 2050, inode 15482020): 1 files, no impossibilities so far.
# . (device 2050, inode 15481972): 11 files, no impossibilities.

# 12 files, no impossibilities in 2 directories.

# Implicit Rules

bin/%.o: src/%.c
#  recipe to execute (from 'Makefile', line 20):
	$(CC) $(CFLAGS) -c $< -o $@

# 1 implicit rules, 0 (0.0%) terminal.
# Files

bin/main.o: src/main.c
#  Implicit rule search has been done.
#  Implicit/static pattern stem: 'main'
#  Last modified 2022-03-02 17:20:25.802914553
#  File has been updated.
#  Needs to be updated (-q is set).
# automatic
# @ := bin/main.o
# automatic
# * := main
# automatic
# < := src/main.c
# automatic
# + := src/main.c
# automatic
# % := 
# automatic
# ^ := src/main.c
# automatic
# ? := src/main.c
# automatic
# | := 
# variable set hash-table stats:
# Load=8/32=25%, Rehash=0, Collisions=2/16=12%
#  recipe to execute (from 'Makefile', line 20):
	$(CC) $(CFLAGS) -c $< -o $@

bin/:
#  Implicit rule search has not been done.
#  Last modified 2022-03-02 17:20:25.798914567
#  File has been updated.
#  Successfully updated.
#  recipe to execute (from 'Makefile', line 23):
	@mkdir -p $(OBJ_DIR)

# Not a target:
Makefile:
#  Implicit rule search has been done.
#  Last modified 2022-03-01 19:46:59.732665511
#  File has been updated.
#  Successfully updated.

# Not a target:
bin/init.o:
#  Implicit rule search has not been done.
#  Modification time never checked.
#  File has not been updated.

clean:
#  Phony target (prerequisite of .PHONY).
#  Implicit rule search has not been done.
#  File does not exist.
#  File has not been updated.
#  recipe to execute (from 'Makefile', line 26):
	rm -rf $(OBJ_DIR)
	rm -f $(NAME)

# Not a target:
src/main.c:
#  Implicit rule search has been done.
#  Last modified 2022-03-02 23:22:53.898675276
#  File has been updated.
#  Successfully updated.

re: clean all
#  Phony target (prerequisite of .PHONY).
#  Implicit rule search has not been done.
#  File does not exist.
#  File has not been updated.

# Not a target:
.DEFAULT:
#  Implicit rule search has not been done.
#  Modification time never checked.
#  File has not been updated.

all: touhou-bunker
#  Phony target (prerequisite of .PHONY).
#  Command line target.
#  Implicit rule search has not been done.
#  File does not exist.
#  File has been updated.
#  Needs to be updated (-q is set).
# variable set hash-table stats:
# Load=0/32=0%, Rehash=0, Collisions=0/6=0%

run:
#  Phony target (prerequisite of .PHONY).
#  Implicit rule search has not been done.
#  File does not exist.
#  File has not been updated.
#  recipe to execute (from 'Makefile', line 32):
	./$(NAME)

touhou-bunker: bin/ bin/main.o bin/init.o
#  Implicit rule search has not been done.
#  Last modified 2022-03-02 17:20:25.848914395
#  File has been updated.
#  Needs to be updated (-q is set).
# variable set hash-table stats:
# Load=0/32=0%, Rehash=0, Collisions=0/6=0%
#  recipe to execute (from 'Makefile', line 17):
	$(CC) $(CFLAGS) $(OBJS) $(LFLAGS) -o $(NAME)

.PHONY: all clean re run
#  Implicit rule search has not been done.
#  Modification time never checked.
#  File has not been updated.

# files hash-table stats:
# Load=13/1024=1%, Rehash=0, Collisions=0/39=0%
# VPATH Search Paths

# No 'vpath' search paths.

# No general ('VPATH' variable) search path.

# strcache buffers: 1 (0) / strings = 27 / storage = 197 B / avg = 7 B
# current buf: size = 8162 B / used = 197 B / count = 27 / avg = 7 B

# strcache performance: lookups = 50 / hit rate = 46%
# hash-table stats:
# Load=27/8192=0%, Rehash=0, Collisions=0/50=0%
# Finished Make data base on Thu Mar  3 11:07:03 2022

 
